#
# There is insufficient memory for the Java Runtime Environment to continue.
# Native memory allocation (malloc) failed to allocate 1048576 bytes for AllocateHeap
# Possible reasons:
#   The system is out of physical RAM or swap space
#   In 32 bit mode, the process size limit was hit
# Possible solutions:
#   Reduce memory load on the system
#   Increase physical memory or swap space
#   Check if swap backing store is full
#   Use 64 bit Java on a 64 bit OS
#   Decrease Java heap size (-Xmx/-Xms)
#   Decrease number of Java threads
#   Decrease Java thread stack sizes (-Xss)
#   Set larger code cache with -XX:ReservedCodeCacheSize=
# This output file may be truncated or incomplete.
#
#  Out of Memory Error (memory/allocation.inline.hpp:61), pid=5868, tid=0x0000000000001714
#
# JRE version:  (8.0_152-b01) (build )
# Java VM: OpenJDK 64-Bit Server VM (25.152-b01 mixed mode windows-amd64 compressed oops)
# Failed to write core dump. Minidumps are not enabled by default on client versions of Windows
#

---------------  T H R E A D  ---------------

Current thread (0x0000000004bb4000):  JavaThread "Unknown thread" [_thread_in_vm, id=5908, stack(0x0000000004ab0000,0x0000000004bb0000)]

Stack: [0x0000000004ab0000,0x0000000004bb0000]
[error occurred during error reporting (printing stack bounds), id 0xc0000005]

Native frames: (J=compiled Java code, j=interpreted, Vv=VM code, C=native code)


---------------  P R O C E S S  ---------------

Java Threads: ( => current thread )

Other Threads:

=>0x0000000004bb4000 (exited) JavaThread "Unknown thread" [_thread_in_vm, id=5908, stack(0x0000000004ab0000,0x0000000004bb0000)]

VM state:not at safepoint (normal execution)

VM Mutex/Monitor currently owned by a thread: None

Heap:
 PSYoungGen      total 17920K, used 307K [0x00000000ec700000, 0x00000000edb00000, 0x0000000100000000)
  eden space 15360K, 2% used [0x00000000ec700000,0x00000000ec74ccd8,0x00000000ed600000)
  from space 2560K, 0% used [0x00000000ed880000,0x00000000ed880000,0x00000000edb00000)
  to   space 2560K, 0% used [0x00000000ed600000,0x00000000ed600000,0x00000000ed880000)
 ParOldGen       total 40960K, used 0K [0x00000000c5400000, 0x00000000c7c00000, 0x00000000ec700000)
  object space 40960K, 0% used [0x00000000c5400000,0x00000000c5400000,0x00000000c7c00000)
 Metaspace       used 772K, capacity 4480K, committed 4480K, reserved 1056768K
  class space    used 73K, capacity 384K, committed 384K, reserved 1048576K

Card table byte_map: [0x0000000014080000,0x0000000014260000] byte_map_base: 0x0000000013a56000

Marking Bits: (ParMarkBitMap*) 0x0000000057483950
 Begin Bits: [0x00000000147a0000, 0x0000000015650000)
 End Bits:   [0x0000000015650000, 0x0000000016500000)

Polling page: 0x00000000032e0000

CodeCache: size=245760Kb used=327Kb max_used=327Kb free=245432Kb
 bounds [0x0000000004cc0000, 0x0000000004f30000, 0x0000000013cc0000]
 total_blobs=56 nmethods=0 adapters=38
 compilation: enabled

Compilation events (0 events):
No events

GC Heap History (0 events):
No events

Deoptimization events (0 events):
No events

Classes redefined (0 events):
No events

Internal exceptions (0 events):
No events

Events (10 events):
Event: 0.033 loading class java/lang/Short
Event: 0.033 loading class java/lang/Short done
Event: 0.033 loading class java/lang/Integer
Event: 0.033 loading class java/lang/Integer done
Event: 0.033 loading class java/lang/Long
Event: 0.033 loading class java/lang/Long done
Event: 0.034 loading class java/lang/NullPointerException
Event: 0.034 loading class java/lang/NullPointerException done
Event: 0.034 loading class java/lang/ArithmeticException
Event: 0.034 loading class java/lang/ArithmeticException done


Dynamic libraries:
0x00007ff7b9960000 - 0x00007ff7b9991000 	C:\Program Files\Android\Android Studio\jre\jre\bin\java.exe
0x00007ffea10e0000 - 0x00007ffea12c0000 	C:\WINDOWS\SYSTEM32\ntdll.dll
0x00007ffe9e790000 - 0x00007ffe9e83e000 	C:\WINDOWS\System32\KERNEL32.DLL
0x00007ffe9e150000 - 0x00007ffe9e3b6000 	C:\WINDOWS\System32\KERNELBASE.dll
0x00007ffea1000000 - 0x00007ffea10a1000 	C:\WINDOWS\System32\ADVAPI32.dll
0x00007ffe9f530000 - 0x00007ffe9f5cd000 	C:\WINDOWS\System32\msvcrt.dll
0x00007ffe9f1d0000 - 0x00007ffe9f22b000 	C:\WINDOWS\System32\sechost.dll
0x00007ffe9f290000 - 0x00007ffe9f3af000 	C:\WINDOWS\System32\RPCRT4.dll
0x00007ffe9f5d0000 - 0x00007ffe9f75f000 	C:\WINDOWS\System32\USER32.dll
0x00007ffe9e080000 - 0x00007ffe9e0a0000 	C:\WINDOWS\System32\win32u.dll
0x00007ffea0dc0000 - 0x00007ffea0de8000 	C:\WINDOWS\System32\GDI32.dll
0x00007ffe9e410000 - 0x00007ffe9e5a3000 	C:\WINDOWS\System32\gdi32full.dll
0x00007ffe9dfe0000 - 0x00007ffe9e07b000 	C:\WINDOWS\System32\msvcp_win.dll
0x00007ffe9dee0000 - 0x00007ffe9dfd6000 	C:\WINDOWS\System32\ucrtbase.dll
0x00007ffe916a0000 - 0x00007ffe91909000 	C:\WINDOWS\WinSxS\amd64_microsoft.windows.common-controls_6595b64144ccf1df_6.0.16299.248_none_15ced204935f55d7\COMCTL32.dll
0x00007ffe9e8d0000 - 0x00007ffe9ebd8000 	C:\WINDOWS\System32\combase.dll
0x00007ffe9dc30000 - 0x00007ffe9dca2000 	C:\WINDOWS\System32\bcryptPrimitives.dll
0x00007ffe9e840000 - 0x00007ffe9e86d000 	C:\WINDOWS\System32\IMM32.DLL
0x0000000056be0000 - 0x0000000056cb2000 	C:\Program Files\Android\Android Studio\jre\jre\bin\msvcr100.dll
0x0000000056cc0000 - 0x00000000574fe000 	C:\Program Files\Android\Android Studio\jre\jre\bin\server\jvm.dll
0x00007ffea0f40000 - 0x00007ffea0f48000 	C:\WINDOWS\System32\PSAPI.DLL
0x00007ffe9a640000 - 0x00007ffe9a663000 	C:\WINDOWS\SYSTEM32\WINMM.dll
0x00007ffe9bff0000 - 0x00007ffe9bffa000 	C:\WINDOWS\SYSTEM32\VERSION.dll
0x00007ffe9b3e0000 - 0x00007ffe9b3e9000 	C:\WINDOWS\SYSTEM32\WSOCK32.dll
0x00007ffe9e5b0000 - 0x00007ffe9e61c000 	C:\WINDOWS\System32\WS2_32.dll
0x00007ffe9a540000 - 0x00007ffe9a56a000 	C:\WINDOWS\SYSTEM32\WINMMBASE.dll
0x00007ffe9e3c0000 - 0x00007ffe9e40a000 	C:\WINDOWS\System32\cfgmgr32.dll
0x00007ffe9adc0000 - 0x00007ffe9adcf000 	C:\Program Files\Android\Android Studio\jre\jre\bin\verify.dll
0x00007ffe913f0000 - 0x00007ffe91419000 	C:\Program Files\Android\Android Studio\jre\jre\bin\java.dll
0x00007ffe9ad80000 - 0x00007ffe9ad96000 	C:\Program Files\Android\Android Studio\jre\jre\bin\zip.dll

VM Arguments:
java_command: org.jetbrains.kotlin.cli.jvm.K2JVMCompiler -Xadd-compiler-builtins -Xbuild-file=C:\Users\Kent\AppData\Local\Temp\kjps7809735138361676701app_debug.script.xml -classpath C:\Users\Kent\.gradle\caches\modules-2\files-2.1\org.jetbrains.kotlin\kotlin-stdlib-jre7\1.2.21\3beb08c67673033183c8652572680587876e64b5\kotlin-stdlib-jre7-1.2.21.jar;C:\Users\Kent\.gradle\caches\transforms-1\files-1.1\appcompat-v7-26.1.0.aar\ae80160f26bf509f96ec854a18fd92f2\jars\classes.jar;C:\Users\Kent\.gradle\caches\transforms-1\files-1.1\constraint-layout-1.0.2.aar\e057037e2a989d2bc266822a56351e3c\jars\classes.jar;C:\Users\Kent\.gradle\caches\modules-2\files-2.1\com.squareup.picasso\picasso\2.5.2\7446d06ec8d4f7ffcc53f1da37c95f200dcb9387\picasso-2.5.2.jar;C:\Users\Kent\.gradle\caches\modules-2\files-2.1\org.jetbrains.anko\anko\0.10.4\6d2ec8750b434fb56c94bf7f9dc71decbb3231b5\anko-0.10.4.jar;C:\Users\Kent\.gradle\caches\transforms-1\files-1.1\recyclerview-v7-26.1.0.aar\6461f20b321a80e50038e66a1bf65382\jars\classes.jar;C:\Users\Kent\.gradle\caches\modules-2\files-2.1\org.jetbrains.anko\anko-sqlite\0.10.4\410ab42cf2baa28e4b96b0b10309be04d7ea2740\anko-sqlite-0.10.4.jar;C:\Users\Kent\.gradle\caches\modules-2\files-2.1\org.jetbrains.anko\anko-sdk25\0.10.4\2990927f1ce037724b8cd17369ed5435c7a139a3\anko-sdk25-0.10.4.jar;C:\Users\Kent\.gradle\caches\modules-2\files-2.1\org.jetbrains.anko\anko-sdk25-coroutines\0.10.4\5fed3c3e5a9d6ff63b3cd18fc8c60ece6d3cd83d\anko-sdk25-coroutines-0.10.4.jar;C:\Users\Kent\.gradle\caches\modules-2\files-2.1\org.jetbrains.anko\anko-appcompat-v7\0.10.4\a667e7286a1563c55441faa8f31acc9a6f2e8903\anko-appcompat-v7-0.10.4.jar;C:\Users\Kent\.gradle\caches\modules-2\files-2.1\org.jetbrains.anko\anko-support-v4\0.10.4\6ed4b1d6d2343028b727e18e5747b4bec645828\anko-support-v4-0.10.4.jar;C:\Users\Kent\.gradle\caches\modules-2\files-2.1\org.jetbrains.anko\anko-appcompat-v7-coroutines\0.10.4\c184a00a6b06c1f9db488dade44ce5eec78c8638\anko-appcompat-v7-coroutines-0.10.4.jar;C:\User
java_class_path (initial): C:\Users\Kent\.gradle\caches\modules-2\files-2.1\org.jetbrains.kotlin\kotlin-compiler-embeddable\1.2.21\39456b64a42dc359e385697e2e93b5cba52e197f\kotlin-compiler-embeddable-1.2.21.jar;C:\Users\Kent\.gradle\caches\modules-2\files-2.1\org.jetbrains.kotlin\kotlin-stdlib\1.2.21\d64187eb2d9d1521be3421aa8c6774a8625cdde8\kotlin-stdlib-1.2.21.jar;C:\Users\Kent\.gradle\caches\modules-2\files-2.1\org.jetbrains.kotlin\kotlin-script-runtime\1.2.21\40c37b171146be48a989ab74b937b17a96d28d87\kotlin-script-runtime-1.2.21.jar;C:\Users\Kent\.gradle\caches\modules-2\files-2.1\org.jetbrains.kotlin\kotlin-reflect\1.2.21\3159ff5936aa570a90050d385cb717fbb6c1723a\kotlin-reflect-1.2.21.jar;C:\Program Files\Android\Android Studio\jre\lib\tools.jar
Launcher Type: SUN_STANDARD

Environment Variables:
PATH=C:\WINDOWS\system32;C:\WINDOWS;C:\WINDOWS\System32\Wbem;C:\WINDOWS\System32\WindowsPowerShell\v1.0\;C:\Program Files\Git\cmd;C:\Users\Kent\AppData\Local\Microsoft\WindowsApps;
USERNAME=Kent
OS=Windows_NT
PROCESSOR_IDENTIFIER=Intel64 Family 6 Model 37 Stepping 5, GenuineIntel



---------------  S Y S T E M  ---------------

OS: Windows 10.0 , 64 bit Build 16299 (10.0.16299.15)

CPU:total 4 (initial active 4) (2 cores per cpu, 2 threads per core) family 6 model 37 stepping 5, cmov, cx8, fxsr, mmx, sse, sse2, sse3, ssse3, sse4.1, sse4.2, popcnt, ht, tsc, tscinvbit

Memory: 4k page, physical 3848288k(856836k free), swap 5246048k(5300k free)

vm_info: OpenJDK 64-Bit Server VM (25.152-b01) for windows-amd64 JRE (1.8.0_152-release-915-b01), built by "builder" with MS VC++ 10.0 (VS2010)

time: Wed Mar 21 11:50:32 2018
elapsed time: 0 seconds (0d 0h 0m 0s)

