#
# There is insufficient memory for the Java Runtime Environment to continue.
# Native memory allocation (malloc) failed to allocate 391616 bytes for Chunk::new
# Possible reasons:
#   The system is out of physical RAM or swap space
#   In 32 bit mode, the process size limit was hit
# Possible solutions:
#   Reduce memory load on the system
#   Increase physical memory or swap space
#   Check if swap backing store is full
#   Use 64 bit Java on a 64 bit OS
#   Decrease Java heap size (-Xmx/-Xms)
#   Decrease number of Java threads
#   Decrease Java thread stack sizes (-Xss)
#   Set larger code cache with -XX:ReservedCodeCacheSize=
# This output file may be truncated or incomplete.
#
#  Out of Memory Error (allocation.cpp:390), pid=5776, tid=0x00000000000016d0
#
# JRE version: OpenJDK Runtime Environment (8.0_152-b01) (build 1.8.0_152-release-915-b01)
# Java VM: OpenJDK 64-Bit Server VM (25.152-b01 mixed mode windows-amd64 compressed oops)
# Failed to write core dump. Minidumps are not enabled by default on client versions of Windows
#

---------------  T H R E A D  ---------------

Current thread (0x0000000017f3c000):  JavaThread "C2 CompilerThread0" daemon [_thread_in_native, id=5840, stack(0x0000000019580000,0x0000000019680000)]

Stack: [0x0000000019580000,0x0000000019680000]
[error occurred during error reporting (printing stack bounds), id 0xc0000005]

Native frames: (J=compiled Java code, j=interpreted, Vv=VM code, C=native code)


Current CompileTask:
C2:6539149 12319       4       org.jetbrains.kotlin.codegen.state.BuilderFactoryForDuplicateSignatureDiagnostics$groupMembersDescriptorsBySignature$1::invoke (283 bytes)


---------------  P R O C E S S  ---------------

Java Threads: ( => current thread )
  0x000000001c5a9000 JavaThread "RMI RenewClean-[localhost:49874,org.jetbrains.kotlin.daemon.common.LoopbackNetworkInterface$ClientLoopbackSocketFactory@41f3fcda]" daemon [_thread_blocked, id=5564, stack(0x00000000231b0000,0x00000000232b0000)]
  0x000000001c5a7800 JavaThread "RMI TCP Connection(23)-127.0.0.1" daemon [_thread_in_native, id=5320, stack(0x00000000230b0000,0x00000000231b0000)]
  0x000000001c5a3800 JavaThread "RMI TCP Connection(22)-127.0.0.1" daemon [_thread_in_native, id=7904, stack(0x0000000022fb0000,0x00000000230b0000)]
  0x000000001a0cb800 JavaThread "RMI Scheduler(0)" daemon [_thread_blocked, id=5336, stack(0x000000001b300000,0x000000001b400000)]
  0x000000000448e000 JavaThread "DestroyJavaVM" [_thread_blocked, id=7724, stack(0x00000000042d0000,0x00000000043d0000)]
  0x0000000019c7b800 JavaThread "GC Daemon" daemon [_thread_blocked, id=8012, stack(0x000000001adc0000,0x000000001aec0000)]
  0x0000000019c7e000 JavaThread "RMI Reaper" [_thread_blocked, id=1828, stack(0x000000001acc0000,0x000000001adc0000)]
  0x0000000019fb5800 JavaThread "Timer-0" daemon [_thread_blocked, id=6108, stack(0x000000001aac0000,0x000000001abc0000)]
  0x0000000019ed2800 JavaThread "RMI TCP Accept-17358" daemon [_thread_in_native, id=6404, stack(0x000000001a9c0000,0x000000001aac0000)]
  0x00000000198a3000 JavaThread "Service Thread" daemon [_thread_blocked, id=5928, stack(0x0000000019c80000,0x0000000019d80000)]
  0x0000000017f42800 JavaThread "C1 CompilerThread2" daemon [_thread_blocked, id=5780, stack(0x0000000019780000,0x0000000019880000)]
  0x0000000017f3e800 JavaThread "C2 CompilerThread1" daemon [_thread_in_native, id=7776, stack(0x0000000019680000,0x0000000019780000)]
=>0x0000000017f3c000 JavaThread "C2 CompilerThread0" daemon [_thread_in_native, id=5840, stack(0x0000000019580000,0x0000000019680000)]
  0x0000000017f3b000 JavaThread "Attach Listener" daemon [_thread_blocked, id=5968, stack(0x0000000019480000,0x0000000019580000)]
  0x0000000017f3a000 JavaThread "Signal Dispatcher" daemon [_thread_blocked, id=7676, stack(0x0000000019380000,0x0000000019480000)]
  0x0000000017f28800 JavaThread "Finalizer" daemon [_thread_blocked, id=2276, stack(0x0000000019190000,0x0000000019290000)]
  0x00000000045c2800 JavaThread "Reference Handler" daemon [_thread_blocked, id=5932, stack(0x0000000019090000,0x0000000019190000)]

Other Threads:
  0x0000000017f03800 VMThread [stack: 0x0000000018f90000,0x0000000019090000] [id=2564]
  0x0000000017f9d800 WatcherThread [stack: 0x0000000019d80000,0x0000000019e80000] [id=4840]

VM state:not at safepoint (normal execution)

VM Mutex/Monitor currently owned by a thread: None

Heap:
 PSYoungGen      total 171008K, used 87639K [0x00000000e0000000, 0x00000000ee280000, 0x0000000100000000)
  eden space 122880K, 47% used [0x00000000e0000000,0x00000000e3924370,0x00000000e7800000)
  from space 48128K, 60% used [0x00000000e7800000,0x00000000e9471bc8,0x00000000ea700000)
  to   space 48640K, 0% used [0x00000000eb300000,0x00000000eb300000,0x00000000ee280000)
 ParOldGen       total 96768K, used 10370K [0x00000000a0000000, 0x00000000a5e80000, 0x00000000e0000000)
  object space 96768K, 10% used [0x00000000a0000000,0x00000000a0a20a18,0x00000000a5e80000)
 Metaspace       used 56651K, capacity 57586K, committed 59008K, reserved 1101824K
  class space    used 6754K, capacity 7003K, committed 7296K, reserved 1048576K

Card table byte_map: [0x0000000013990000,0x0000000013ca0000] byte_map_base: 0x0000000013490000

Marking Bits: (ParMarkBitMap*) 0x0000000076513950
 Begin Bits: [0x00000000142a0000, 0x0000000015aa0000)
 End Bits:   [0x0000000015aa0000, 0x00000000172a0000)

Polling page: 0x0000000002610000

CodeCache: size=245760Kb used=36113Kb max_used=36113Kb free=209646Kb
 bounds [0x00000000045d0000, 0x0000000006950000, 0x00000000135d0000]
 total_blobs=10655 nmethods=10129 adapters=438
 compilation: enabled

Compilation events (10 events):
Event: 6536.892 Thread 0x0000000017f42800 12330       3       sun.util.calendar.CalendarDate::setYear (20 bytes)
Event: 6536.892 Thread 0x0000000017f42800 nmethod 12330 0x00000000069288d0 code [0x0000000006928a20, 0x0000000006928bb0]
Event: 6536.892 Thread 0x0000000017f42800 12331       3       java.util.Locale::getUnicodeLocaleType (54 bytes)
Event: 6536.893 Thread 0x0000000017f42800 nmethod 12331 0x000000000693e510 code [0x000000000693e740, 0x000000000693f3d8]
Event: 6536.893 Thread 0x0000000017f42800 12332       3       java.util.Locale::isUnicodeExtensionKey (21 bytes)
Event: 6536.895 Thread 0x0000000017f42800 nmethod 12332 0x000000000693f8d0 code [0x000000000693faa0, 0x00000000069403f8]
Event: 6536.895 Thread 0x0000000017f42800 12334       3       sun.rmi.transport.tcp.TCPConnection::releaseOutputStream (15 bytes)
Event: 6536.895 Thread 0x0000000017f42800 nmethod 12334 0x0000000006940810 code [0x0000000006940980, 0x0000000006940be8]
Event: 6536.898 Thread 0x0000000017f42800 12335       3       java.util.LinkedHashMap::clear (15 bytes)
Event: 6536.899 Thread 0x0000000017f42800 nmethod 12335 0x0000000006940c90 code [0x0000000006940e00, 0x0000000006940fc8]

GC Heap History (10 events):
Event: 1930.635 GC heap before
{Heap before GC invocations=27 (full 3):
 PSYoungGen      total 151552K, used 119959K [0x00000000e0000000, 0x00000000ecd00000, 0x0000000100000000)
  eden space 109056K, 100% used [0x00000000e0000000,0x00000000e6a80000,0x00000000e6a80000)
  from space 42496K, 25% used [0x00000000e6a80000,0x00000000e7525dc8,0x00000000e9400000)
  to   space 41984K, 0% used [0x00000000ea400000,0x00000000ea400000,0x00000000ecd00000)
 ParOldGen       total 96768K, used 77918K [0x00000000a0000000, 0x00000000a5e80000, 0x00000000e0000000)
  object space 96768K, 80% used [0x00000000a0000000,0x00000000a4c17920,0x00000000a5e80000)
 Metaspace       used 57528K, capacity 58610K, committed 59008K, reserved 1101824K
  class space    used 6964K, capacity 7293K, committed 7296K, reserved 1048576K
Event: 1930.708 GC heap after
Heap after GC invocations=27 (full 3):
 PSYoungGen      total 165376K, used 32013K [0x00000000e0000000, 0x00000000ed180000, 0x0000000100000000)
  eden space 123392K, 0% used [0x00000000e0000000,0x00000000e0000000,0x00000000e7880000)
  from space 41984K, 76% used [0x00000000ea400000,0x00000000ec343468,0x00000000ecd00000)
  to   space 44544K, 0% used [0x00000000e7880000,0x00000000e7880000,0x00000000ea400000)
 ParOldGen       total 96768K, used 77926K [0x00000000a0000000, 0x00000000a5e80000, 0x00000000e0000000)
  object space 96768K, 80% used [0x00000000a0000000,0x00000000a4c19920,0x00000000a5e80000)
 Metaspace       used 57528K, capacity 58610K, committed 59008K, reserved 1101824K
  class space    used 6964K, capacity 7293K, committed 7296K, reserved 1048576K
}
Event: 6065.678 GC heap before
{Heap before GC invocations=28 (full 3):
 PSYoungGen      total 165376K, used 51473K [0x00000000e0000000, 0x00000000ed180000, 0x0000000100000000)
  eden space 123392K, 15% used [0x00000000e0000000,0x00000000e1301228,0x00000000e7880000)
  from space 41984K, 76% used [0x00000000ea400000,0x00000000ec343468,0x00000000ecd00000)
  to   space 44544K, 0% used [0x00000000e7880000,0x00000000e7880000,0x00000000ea400000)
 ParOldGen       total 96768K, used 77926K [0x00000000a0000000, 0x00000000a5e80000, 0x00000000e0000000)
  object space 96768K, 80% used [0x00000000a0000000,0x00000000a4c19920,0x00000000a5e80000)
 Metaspace       used 57640K, capacity 58744K, committed 59008K, reserved 1101824K
  class space    used 6966K, capacity 7294K, committed 7296K, reserved 1048576K
Event: 6067.705 GC heap after
Heap after GC invocations=28 (full 3):
 PSYoungGen      total 167936K, used 512K [0x00000000e0000000, 0x00000000ed380000, 0x0000000100000000)
  eden space 123392K, 0% used [0x00000000e0000000,0x00000000e0000000,0x00000000e7880000)
  from space 44544K, 1% used [0x00000000e7880000,0x00000000e7900030,0x00000000ea400000)
  to   space 45568K, 0% used [0x00000000ea700000,0x00000000ea700000,0x00000000ed380000)
 ParOldGen       total 96768K, used 77934K [0x00000000a0000000, 0x00000000a5e80000, 0x00000000e0000000)
  object space 96768K, 80% used [0x00000000a0000000,0x00000000a4c1b920,0x00000000a5e80000)
 Metaspace       used 57640K, capacity 58744K, committed 59008K, reserved 1101824K
  class space    used 6966K, capacity 7294K, committed 7296K, reserved 1048576K
}
Event: 6067.706 GC heap before
{Heap before GC invocations=29 (full 4):
 PSYoungGen      total 167936K, used 512K [0x00000000e0000000, 0x00000000ed380000, 0x0000000100000000)
  eden space 123392K, 0% used [0x00000000e0000000,0x00000000e0000000,0x00000000e7880000)
  from space 44544K, 1% used [0x00000000e7880000,0x00000000e7900030,0x00000000ea400000)
  to   space 45568K, 0% used [0x00000000ea700000,0x00000000ea700000,0x00000000ed380000)
 ParOldGen       total 96768K, used 77934K [0x00000000a0000000, 0x00000000a5e80000, 0x00000000e0000000)
  object space 96768K, 80% used [0x00000000a0000000,0x00000000a4c1b920,0x00000000a5e80000)
 Metaspace       used 57640K, capacity 58744K, committed 59008K, reserved 1101824K
  class space    used 6966K, capacity 7294K, committed 7296K, reserved 1048576K
Event: 6084.383 GC heap after
Heap after GC invocations=29 (full 4):
 PSYoungGen      total 167936K, used 0K [0x00000000e0000000, 0x00000000ed380000, 0x0000000100000000)
  eden space 123392K, 0% used [0x00000000e0000000,0x00000000e0000000,0x00000000e7880000)
  from space 44544K, 0% used [0x00000000e7880000,0x00000000e7880000,0x00000000ea400000)
  to   space 45568K, 0% used [0x00000000ea700000,0x00000000ea700000,0x00000000ed380000)
 ParOldGen       total 96768K, used 10354K [0x00000000a0000000, 0x00000000a5e80000, 0x00000000e0000000)
  object space 96768K, 10% used [0x00000000a0000000,0x00000000a0a1ca18,0x00000000a5e80000)
 Metaspace       used 55243K, capacity 56052K, committed 59008K, reserved 1101824K
  class space    used 6627K, capacity 6816K, committed 7296K, reserved 1048576K
}
Event: 6277.168 GC heap before
{Heap before GC invocations=30 (full 4):
 PSYoungGen      total 167936K, used 123392K [0x00000000e0000000, 0x00000000ed380000, 0x0000000100000000)
  eden space 123392K, 100% used [0x00000000e0000000,0x00000000e7880000,0x00000000e7880000)
  from space 44544K, 0% used [0x00000000e7880000,0x00000000e7880000,0x00000000ea400000)
  to   space 45568K, 0% used [0x00000000ea700000,0x00000000ea700000,0x00000000ed380000)
 ParOldGen       total 96768K, used 10354K [0x00000000a0000000, 0x00000000a5e80000, 0x00000000e0000000)
  object space 96768K, 10% used [0x00000000a0000000,0x00000000a0a1ca18,0x00000000a5e80000)
 Metaspace       used 55869K, capacity 56756K, committed 59008K, reserved 1101824K
  class space    used 6684K, capacity 6888K, committed 7296K, reserved 1048576K
Event: 6277.709 GC heap after
Heap after GC invocations=30 (full 4):
 PSYoungGen      total 168448K, used 32463K [0x00000000e0000000, 0x00000000ee280000, 0x0000000100000000)
  eden space 122880K, 0% used [0x00000000e0000000,0x00000000e0000000,0x00000000e7800000)
  from space 45568K, 71% used [0x00000000ea700000,0x00000000ec6b3c00,0x00000000ed380000)
  to   space 48128K, 0% used [0x00000000e7800000,0x00000000e7800000,0x00000000ea700000)
 ParOldGen       total 96768K, used 10362K [0x00000000a0000000, 0x00000000a5e80000, 0x00000000e0000000)
  object space 96768K, 10% used [0x00000000a0000000,0x00000000a0a1ea18,0x00000000a5e80000)
 Metaspace       used 55869K, capacity 56756K, committed 59008K, reserved 1101824K
  class space    used 6684K, capacity 6888K, committed 7296K, reserved 1048576K
}
Event: 6531.243 GC heap before
{Heap before GC invocations=31 (full 4):
 PSYoungGen      total 168448K, used 155343K [0x00000000e0000000, 0x00000000ee280000, 0x0000000100000000)
  eden space 122880K, 100% used [0x00000000e0000000,0x00000000e7800000,0x00000000e7800000)
  from space 45568K, 71% used [0x00000000ea700000,0x00000000ec6b3c00,0x00000000ed380000)
  to   space 48128K, 0% used [0x00000000e7800000,0x00000000e7800000,0x00000000ea700000)
 ParOldGen       total 96768K, used 10362K [0x00000000a0000000, 0x00000000a5e80000, 0x00000000e0000000)
  object space 96768K, 10% used [0x00000000a0000000,0x00000000a0a1ea18,0x00000000a5e80000)
 Metaspace       used 56456K, capacity 57426K, committed 59008K, reserved 1101824K
  class space    used 6739K, capacity 6971K, committed 7296K, reserved 1048576K
Event: 6533.657 GC heap after
Heap after GC invocations=31 (full 4):
 PSYoungGen      total 171008K, used 29126K [0x00000000e0000000, 0x00000000ee280000, 0x0000000100000000)
  eden space 122880K, 0% used [0x00000000e0000000,0x00000000e0000000,0x00000000e7800000)
  from space 48128K, 60% used [0x00000000e7800000,0x00000000e9471bc8,0x00000000ea700000)
  to   space 48640K, 0% used [0x00000000eb300000,0x00000000eb300000,0x00000000ee280000)
 ParOldGen       total 96768K, used 10370K [0x00000000a0000000, 0x00000000a5e80000, 0x00000000e0000000)
  object space 96768K, 10% used [0x00000000a0000000,0x00000000a0a20a18,0x00000000a5e80000)
 Metaspace       used 56456K, capacity 57426K, committed 59008K, reserved 1101824K
  class space    used 6739K, capacity 6971K, committed 7296K, reserved 1048576K
}

Deoptimization events (10 events):
Event: 6533.956 Thread 0x000000001c5a7800 Uncommon trap: reason=array_check action=maybe_recompile pc=0x0000000006863b6c method=java.util.AbstractCollection.toArray([Ljava/lang/Object;)[Ljava/lang/Object; @ 119
Event: 6533.957 Thread 0x000000001c5a7800 Uncommon trap: reason=array_check action=maybe_recompile pc=0x0000000006863b6c method=java.util.AbstractCollection.toArray([Ljava/lang/Object;)[Ljava/lang/Object; @ 119
Event: 6536.036 Thread 0x000000001c5a7800 Uncommon trap: reason=null_check action=make_not_entrant pc=0x000000000687e4e0 method=org.jetbrains.kotlin.resolve.lazy.LazyImportScope.getParent()Lorg/jetbrains/kotlin/resolve/scopes/HierarchicalScope; @ 4
Event: 6536.039 Thread 0x000000001c5a7800 Uncommon trap: reason=class_check action=maybe_recompile pc=0x0000000006882c64 method=org.jetbrains.kotlin.resolve.calls.tower.AbstractScopeTowerLevel.createCandidateDescriptor(Lorg/jetbrains/kotlin/descriptors/CallableDescriptor;Lorg/jetbrains/kotlin/res
Event: 6536.052 Thread 0x000000001c5a7800 Uncommon trap: reason=class_check action=maybe_recompile pc=0x0000000006877a24 method=org.jetbrains.kotlin.load.java.lazy.LazyJavaAnnotations.iterator()Ljava/util/Iterator; @ 9
Event: 6536.097 Thread 0x000000001c5a7800 Uncommon trap: reason=class_check action=maybe_recompile pc=0x0000000006882c64 method=org.jetbrains.kotlin.resolve.calls.tower.AbstractScopeTowerLevel.createCandidateDescriptor(Lorg/jetbrains/kotlin/descriptors/CallableDescriptor;Lorg/jetbrains/kotlin/res
Event: 6536.114 Thread 0x000000001c5a7800 Uncommon trap: reason=class_check action=maybe_recompile pc=0x0000000006877a24 method=org.jetbrains.kotlin.load.java.lazy.LazyJavaAnnotations.iterator()Ljava/util/Iterator; @ 9
Event: 6536.120 Thread 0x000000001c5a7800 Uncommon trap: reason=class_check action=maybe_recompile pc=0x0000000006882c64 method=org.jetbrains.kotlin.resolve.calls.tower.AbstractScopeTowerLevel.createCandidateDescriptor(Lorg/jetbrains/kotlin/descriptors/CallableDescriptor;Lorg/jetbrains/kotlin/res
Event: 6536.121 Thread 0x000000001c5a7800 Uncommon trap: reason=class_check action=maybe_recompile pc=0x0000000006882c64 method=org.jetbrains.kotlin.resolve.calls.tower.AbstractScopeTowerLevel.createCandidateDescriptor(Lorg/jetbrains/kotlin/descriptors/CallableDescriptor;Lorg/jetbrains/kotlin/res
Event: 6536.800 Thread 0x000000001c5a7800 Uncommon trap: reason=null_check action=make_not_entrant pc=0x00000000067871d0 method=org.jetbrains.kotlin.codegen.state.BuilderFactoryForDuplicateSignatureDiagnostics$groupMembersDescriptorsBySignature$1.invoke(Lorg/jetbrains/kotlin/descriptors/Declarati

Classes redefined (0 events):
No events

Internal exceptions (10 events):
Event: 6268.659 Thread 0x000000001c5a7800 Exception <a 'java/lang/NoSuchMethodError': <clinit>> (0x00000000e018b640) thrown at [D:\src\AOSP-openjdk-cygwin\jdk8u\hotspot\src\share\vm\prims\jni.cpp, line 1613]
Event: 6268.662 Thread 0x000000001c5a7800 Exception <a 'java/lang/NoSuchMethodError': <clinit>> (0x00000000e0195dd8) thrown at [D:\src\AOSP-openjdk-cygwin\jdk8u\hotspot\src\share\vm\prims\jni.cpp, line 1613]
Event: 6268.735 Thread 0x000000001c5a7800 Exception <a 'java/lang/NoSuchMethodError': <clinit>> (0x00000000e01bb2f0) thrown at [D:\src\AOSP-openjdk-cygwin\jdk8u\hotspot\src\share\vm\prims\jni.cpp, line 1613]
Event: 6269.276 Thread 0x000000001c5a5000 Exception <a 'java/lang/InterruptedException'> (0x00000000e02e5090) thrown at [D:\src\AOSP-openjdk-cygwin\jdk8u\hotspot\src\share\vm\runtime\objectMonitor.cpp, line 1684]
Event: 6271.316 Thread 0x000000001c5a7800 Exception <a 'sun/nio/fs/WindowsException'> (0x00000000e0798e40) thrown at [D:\src\AOSP-openjdk-cygwin\jdk8u\hotspot\src\share\vm\prims\jni.cpp, line 709]
Event: 6281.734 Thread 0x000000001c5a7800 Exception <a 'java/lang/NoSuchMethodError': <clinit>> (0x00000000e20b10b0) thrown at [D:\src\AOSP-openjdk-cygwin\jdk8u\hotspot\src\share\vm\prims\jni.cpp, line 1613]
Event: 6527.591 Thread 0x000000001c5a9000 Exception <a 'java/lang/InterruptedException'> (0x00000000e2376ee8) thrown at [D:\src\AOSP-openjdk-cygwin\jdk8u\hotspot\src\share\vm\runtime\objectMonitor.cpp, line 1684]
Event: 6527.731 Thread 0x000000001c5a7800 Exception <a 'sun/nio/fs/WindowsException'> (0x00000000e2401678) thrown at [D:\src\AOSP-openjdk-cygwin\jdk8u\hotspot\src\share\vm\prims\jni.cpp, line 709]
Event: 6536.036 Thread 0x000000001c5a7800 Implicit null exception at 0x000000000687e470 to 0x000000000687e4d5
Event: 6536.800 Thread 0x000000001c5a7800 Implicit null exception at 0x0000000006783ffd to 0x00000000067871c1

Events (10 events):
Event: 6536.666 loading class org/jetbrains/org/objectweb/asm/Label done
Event: 6536.667 loading class org/jetbrains/kotlin/android/synthetic/codegen/AbstractAndroidExtensionsExpressionCodegenExtension$WhenMappings
Event: 6536.667 loading class org/jetbrains/kotlin/android/synthetic/codegen/AbstractAndroidExtensionsExpressionCodegenExtension$WhenMappings done
Event: 6536.667 loading class org/jetbrains/kotlin/android/synthetic/codegen/AbstractAndroidExtensionsExpressionCodegenExtension$generateCachedFindViewByIdFunction$2
Event: 6536.667 loading class org/jetbrains/kotlin/android/synthetic/codegen/AbstractAndroidExtensionsExpressionCodegenExtension$generateCachedFindViewByIdFunction$2 done
Event: 6536.668 loading class org/jetbrains/kotlin/codegen/FunctionCodegen
Event: 6536.668 loading class org/jetbrains/kotlin/codegen/FunctionCodegen done
Event: 6536.800 Thread 0x000000001c5a7800 Uncommon trap: trap_request=0xfffffff4 fr.pc=0x00000000067871d0
Event: 6536.800 Thread 0x000000001c5a7800 DEOPT PACKING pc=0x00000000067871d0 sp=0x00000000231ab380
Event: 6536.800 Thread 0x000000001c5a7800 DEOPT UNPACKING pc=0x000000000461556a sp=0x00000000231ab320 mode 2


Dynamic libraries:
0x00007ff600c40000 - 0x00007ff600c71000 	C:\Program Files\Android\Android Studio\jre\jre\bin\java.exe
0x00007ffa57450000 - 0x00007ffa57630000 	C:\WINDOWS\SYSTEM32\ntdll.dll
0x00007ffa56c60000 - 0x00007ffa56d0e000 	C:\WINDOWS\System32\KERNEL32.DLL
0x00007ffa53850000 - 0x00007ffa53ab6000 	C:\WINDOWS\System32\KERNELBASE.dll
0x00007ffa54e30000 - 0x00007ffa54ed1000 	C:\WINDOWS\System32\ADVAPI32.dll
0x00007ffa57300000 - 0x00007ffa5739d000 	C:\WINDOWS\System32\msvcrt.dll
0x00007ffa55630000 - 0x00007ffa5568b000 	C:\WINDOWS\System32\sechost.dll
0x00007ffa54c90000 - 0x00007ffa54daf000 	C:\WINDOWS\System32\RPCRT4.dll
0x00007ffa55690000 - 0x00007ffa5581f000 	C:\WINDOWS\System32\USER32.dll
0x00007ffa54210000 - 0x00007ffa54230000 	C:\WINDOWS\System32\win32u.dll
0x00007ffa555f0000 - 0x00007ffa55618000 	C:\WINDOWS\System32\GDI32.dll
0x00007ffa54680000 - 0x00007ffa54813000 	C:\WINDOWS\System32\gdi32full.dll
0x00007ffa54310000 - 0x00007ffa543ab000 	C:\WINDOWS\System32\msvcp_win.dll
0x00007ffa543b0000 - 0x00007ffa544a6000 	C:\WINDOWS\System32\ucrtbase.dll
0x00007ffa47640000 - 0x00007ffa478a9000 	C:\WINDOWS\WinSxS\amd64_microsoft.windows.common-controls_6595b64144ccf1df_6.0.16299.248_none_15ced204935f55d7\COMCTL32.dll
0x00007ffa54920000 - 0x00007ffa54c28000 	C:\WINDOWS\System32\combase.dll
0x00007ffa54290000 - 0x00007ffa54302000 	C:\WINDOWS\System32\bcryptPrimitives.dll
0x00007ffa55380000 - 0x00007ffa553ad000 	C:\WINDOWS\System32\IMM32.DLL
0x0000000075c70000 - 0x0000000075d42000 	C:\Program Files\Android\Android Studio\jre\jre\bin\msvcr100.dll
0x0000000075d50000 - 0x000000007658e000 	C:\Program Files\Android\Android Studio\jre\jre\bin\server\jvm.dll
0x00007ffa57410000 - 0x00007ffa57418000 	C:\WINDOWS\System32\PSAPI.DLL
0x00007ffa4b500000 - 0x00007ffa4b509000 	C:\WINDOWS\SYSTEM32\WSOCK32.dll
0x00007ffa51300000 - 0x00007ffa51323000 	C:\WINDOWS\SYSTEM32\WINMM.dll
0x00007ffa52490000 - 0x00007ffa5249a000 	C:\WINDOWS\SYSTEM32\VERSION.dll
0x00007ffa573a0000 - 0x00007ffa5740c000 	C:\WINDOWS\System32\WS2_32.dll
0x00007ffa512d0000 - 0x00007ffa512fa000 	C:\WINDOWS\SYSTEM32\WINMMBASE.dll
0x00007ffa548d0000 - 0x00007ffa5491a000 	C:\WINDOWS\System32\cfgmgr32.dll
0x00007ffa4b4f0000 - 0x00007ffa4b4ff000 	C:\Program Files\Android\Android Studio\jre\jre\bin\verify.dll
0x00007ffa416e0000 - 0x00007ffa41709000 	C:\Program Files\Android\Android Studio\jre\jre\bin\java.dll
0x00007ffa416c0000 - 0x00007ffa416d6000 	C:\Program Files\Android\Android Studio\jre\jre\bin\zip.dll
0x00007ffa55820000 - 0x00007ffa56c56000 	C:\WINDOWS\System32\SHELL32.dll
0x00007ffa55410000 - 0x00007ffa554b6000 	C:\WINDOWS\System32\shcore.dll
0x00007ffa53ac0000 - 0x00007ffa54207000 	C:\WINDOWS\System32\windows.storage.dll
0x00007ffa550f0000 - 0x00007ffa55141000 	C:\WINDOWS\System32\shlwapi.dll
0x00007ffa53810000 - 0x00007ffa53821000 	C:\WINDOWS\System32\kernel.appcore.dll
0x00007ffa537c0000 - 0x00007ffa5380c000 	C:\WINDOWS\System32\powrprof.dll
0x00007ffa53830000 - 0x00007ffa5384b000 	C:\WINDOWS\System32\profapi.dll
0x00007ffa4b350000 - 0x00007ffa4b35d000 	C:\Program Files\Android\Android Studio\jre\jre\bin\management.dll
0x00007ffa416a0000 - 0x00007ffa416ba000 	C:\Program Files\Android\Android Studio\jre\jre\bin\net.dll
0x00007ffa52fd0000 - 0x00007ffa53036000 	C:\WINDOWS\system32\mswsock.dll
0x00007ffa41610000 - 0x00007ffa41621000 	C:\Program Files\Android\Android Studio\jre\jre\bin\nio.dll
0x00007ffa531a0000 - 0x00007ffa531b7000 	C:\WINDOWS\SYSTEM32\CRYPTSP.dll
0x00007ffa52be0000 - 0x00007ffa52c13000 	C:\WINDOWS\system32\rsaenh.dll
0x00007ffa532a0000 - 0x00007ffa532c5000 	C:\WINDOWS\SYSTEM32\bcrypt.dll
0x00007ffa536d0000 - 0x00007ffa536f9000 	C:\WINDOWS\SYSTEM32\USERENV.dll
0x00007ffa53190000 - 0x00007ffa5319b000 	C:\WINDOWS\SYSTEM32\CRYPTBASE.dll
0x00007ffa52d60000 - 0x00007ffa52d99000 	C:\WINDOWS\SYSTEM32\IPHLPAPI.DLL
0x00007ffa55220000 - 0x00007ffa55228000 	C:\WINDOWS\System32\NSI.dll
0x00007ffa4d470000 - 0x00007ffa4d486000 	C:\WINDOWS\SYSTEM32\dhcpcsvc6.DLL
0x00007ffa4d450000 - 0x00007ffa4d46a000 	C:\WINDOWS\SYSTEM32\dhcpcsvc.DLL

VM Arguments:
jvm_args: -Djava.awt.headless=true -Djava.rmi.server.hostname=localhost -Xmx1536m -Dkotlin.environment.keepalive 
java_command: org.jetbrains.kotlin.daemon.KotlinCompileDaemon --daemon-runFilesPath C:\Users\Kent\AppData\Local\kotlin\daemon --daemon-autoshutdownIdleSeconds=7200 --daemon-compilerClasspath C:\Users\Kent\.gradle\caches\modules-2\files-2.1\org.jetbrains.kotlin\kotlin-compiler-embeddable\1.2.21\39456b64a42dc359e385697e2e93b5cba52e197f\kotlin-compiler-embeddable-1.2.21.jar;C:\Users\Kent\.gradle\caches\modules-2\files-2.1\org.jetbrains.kotlin\kotlin-stdlib\1.2.21\d64187eb2d9d1521be3421aa8c6774a8625cdde8\kotlin-stdlib-1.2.21.jar;C:\Users\Kent\.gradle\caches\modules-2\files-2.1\org.jetbrains.kotlin\kotlin-script-runtime\1.2.21\40c37b171146be48a989ab74b937b17a96d28d87\kotlin-script-runtime-1.2.21.jar;C:\Users\Kent\.gradle\caches\modules-2\files-2.1\org.jetbrains.kotlin\kotlin-reflect\1.2.21\3159ff5936aa570a90050d385cb717fbb6c1723a\kotlin-reflect-1.2.21.jar;C:\Program Files\Android\Android Studio\jre\lib\tools.jar
java_class_path (initial): C:\Users\Kent\.gradle\caches\modules-2\files-2.1\org.jetbrains.kotlin\kotlin-compiler-embeddable\1.2.21\39456b64a42dc359e385697e2e93b5cba52e197f\kotlin-compiler-embeddable-1.2.21.jar;C:\Users\Kent\.gradle\caches\modules-2\files-2.1\org.jetbrains.kotlin\kotlin-stdlib\1.2.21\d64187eb2d9d1521be3421aa8c6774a8625cdde8\kotlin-stdlib-1.2.21.jar;C:\Users\Kent\.gradle\caches\modules-2\files-2.1\org.jetbrains.kotlin\kotlin-script-runtime\1.2.21\40c37b171146be48a989ab74b937b17a96d28d87\kotlin-script-runtime-1.2.21.jar;C:\Users\Kent\.gradle\caches\modules-2\files-2.1\org.jetbrains.kotlin\kotlin-reflect\1.2.21\3159ff5936aa570a90050d385cb717fbb6c1723a\kotlin-reflect-1.2.21.jar;C:\Program Files\Android\Android Studio\jre\lib\tools.jar
Launcher Type: SUN_STANDARD

Environment Variables:
PATH=C:\WINDOWS\system32;C:\WINDOWS;C:\WINDOWS\System32\Wbem;C:\WINDOWS\System32\WindowsPowerShell\v1.0\;C:\Program Files\Git\cmd;C:\Users\Kent\AppData\Local\Microsoft\WindowsApps;
USERNAME=Kent
OS=Windows_NT
PROCESSOR_IDENTIFIER=Intel64 Family 6 Model 37 Stepping 5, GenuineIntel



---------------  S Y S T E M  ---------------

OS: Windows 10.0 , 64 bit Build 16299 (10.0.16299.15)

CPU:total 4 (initial active 4) (2 cores per cpu, 2 threads per core) family 6 model 37 stepping 5, cmov, cx8, fxsr, mmx, sse, sse2, sse3, ssse3, sse4.1, sse4.2, popcnt, ht, tsc, tscinvbit

Memory: 4k page, physical 3848288k(462016k free), swap 5246048k(80k free)

vm_info: OpenJDK 64-Bit Server VM (25.152-b01) for windows-amd64 JRE (1.8.0_152-release-915-b01), built by "builder" with MS VC++ 10.0 (VS2010)

time: Wed Mar 21 15:15:41 2018
elapsed time: 6537 seconds (0d 1h 48m 57s)

