#
# There is insufficient memory for the Java Runtime Environment to continue.
# Native memory allocation (malloc) failed to allocate 588816 bytes for Chunk::new
# Possible reasons:
#   The system is out of physical RAM or swap space
#   In 32 bit mode, the process size limit was hit
# Possible solutions:
#   Reduce memory load on the system
#   Increase physical memory or swap space
#   Check if swap backing store is full
#   Use 64 bit Java on a 64 bit OS
#   Decrease Java heap size (-Xmx/-Xms)
#   Decrease number of Java threads
#   Decrease Java thread stack sizes (-Xss)
#   Set larger code cache with -XX:ReservedCodeCacheSize=
# This output file may be truncated or incomplete.
#
#  Out of Memory Error (allocation.cpp:390), pid=1264, tid=0x00000000000017b8
#
# JRE version: OpenJDK Runtime Environment (8.0_152-b01) (build 1.8.0_152-release-915-b01)
# Java VM: OpenJDK 64-Bit Server VM (25.152-b01 mixed mode windows-amd64 compressed oops)
# Failed to write core dump. Minidumps are not enabled by default on client versions of Windows
#

---------------  T H R E A D  ---------------

Current thread (0x0000000016c51800):  JavaThread "C2 CompilerThread1" daemon [_thread_in_native, id=6072, stack(0x00000000183a0000,0x00000000184a0000)]

Stack: [0x00000000183a0000,0x00000000184a0000]
[error occurred during error reporting (printing stack bounds), id 0xc0000005]

Native frames: (J=compiled Java code, j=interpreted, Vv=VM code, C=native code)


Current CompileTask:
C2:   3556 1649   !   4       java.net.URL::<init> (543 bytes)


---------------  P R O C E S S  ---------------

Java Threads: ( => current thread )
  0x00000000185ca000 JavaThread "Service Thread" daemon [_thread_blocked, id=2184, stack(0x00000000189a0000,0x0000000018aa0000)]
  0x0000000016c54800 JavaThread "C1 CompilerThread2" daemon [_thread_blocked, id=4376, stack(0x00000000184a0000,0x00000000185a0000)]
=>0x0000000016c51800 JavaThread "C2 CompilerThread1" daemon [_thread_in_native, id=6072, stack(0x00000000183a0000,0x00000000184a0000)]
  0x0000000016c4d800 JavaThread "C2 CompilerThread0" daemon [_thread_in_native, id=4892, stack(0x00000000182a0000,0x00000000183a0000)]
  0x0000000016c4c000 JavaThread "Attach Listener" daemon [_thread_blocked, id=3816, stack(0x00000000181a0000,0x00000000182a0000)]
  0x0000000016c4a800 JavaThread "Signal Dispatcher" daemon [_thread_blocked, id=3368, stack(0x00000000180a0000,0x00000000181a0000)]
  0x0000000016c37800 JavaThread "Finalizer" daemon [_thread_blocked, id=2188, stack(0x0000000017eb0000,0x0000000017fb0000)]
  0x0000000004884000 JavaThread "Reference Handler" daemon [_thread_blocked, id=7536, stack(0x0000000017db0000,0x0000000017eb0000)]
  0x0000000004794000 JavaThread "main" [_thread_in_vm, id=4700, stack(0x0000000004690000,0x0000000004790000)]

Other Threads:
  0x0000000016c14800 VMThread [stack: 0x0000000017cb0000,0x0000000017db0000] [id=4636]
  0x00000000185d2800 WatcherThread [stack: 0x0000000018aa0000,0x0000000018ba0000] [id=7900]

VM state:not at safepoint (normal execution)

VM Mutex/Monitor currently owned by a thread: None

Heap:
 PSYoungGen      total 33280K, used 12215K [0x00000000ec700000, 0x00000000eea00000, 0x0000000100000000)
  eden space 30720K, 39% used [0x00000000ec700000,0x00000000ed2edd88,0x00000000ee500000)
  from space 2560K, 0% used [0x00000000ee500000,0x00000000ee500000,0x00000000ee780000)
  to   space 2560K, 0% used [0x00000000ee780000,0x00000000ee780000,0x00000000eea00000)
 ParOldGen       total 42496K, used 10614K [0x00000000c5400000, 0x00000000c7d80000, 0x00000000ec700000)
  object space 42496K, 24% used [0x00000000c5400000,0x00000000c5e5d880,0x00000000c7d80000)
 Metaspace       used 22788K, capacity 23144K, committed 23600K, reserved 1069056K
  class space    used 2970K, capacity 3080K, committed 3120K, reserved 1048576K

Card table byte_map: [0x0000000013c50000,0x0000000013e30000] byte_map_base: 0x0000000013626000

Marking Bits: (ParMarkBitMap*) 0x0000000057483950
 Begin Bits: [0x0000000014370000, 0x0000000015220000)
 End Bits:   [0x0000000015220000, 0x00000000160d0000)

Polling page: 0x0000000002e50000

CodeCache: size=245760Kb used=4909Kb max_used=4909Kb free=240850Kb
 bounds [0x0000000004890000, 0x0000000004d60000, 0x0000000013890000]
 total_blobs=2029 nmethods=1647 adapters=296
 compilation: enabled

Compilation events (10 events):
Event: 3.313 Thread 0x0000000016c54800 nmethod 1644 0x0000000004d5cb90 code [0x0000000004d5cd00, 0x0000000004d5d068]
Event: 3.314 Thread 0x0000000016c54800 1645       3       java.nio.charset.CharsetDecoder::onUnmappableCharacter (26 bytes)
Event: 3.315 Thread 0x0000000016c54800 nmethod 1645 0x0000000004d5d1d0 code [0x0000000004d5d340, 0x0000000004d5d688]
Event: 3.315 Thread 0x0000000016c54800 1646       3       java.nio.charset.CharsetDecoder::implOnUnmappableCharacter (1 bytes)
Event: 3.315 Thread 0x0000000016c54800 nmethod 1646 0x0000000004d5d790 code [0x0000000004d5d8e0, 0x0000000004d5da30]
Event: 3.317 Thread 0x0000000016c54800 1647       3       java.lang.String::startsWith (72 bytes)
Event: 3.317 Thread 0x0000000016c54800 nmethod 1647 0x0000000004d5da90 code [0x0000000004d5dc00, 0x0000000004d5df30]
Event: 3.318 Thread 0x0000000016c54800 1648       3       java.lang.Package::<init> (56 bytes)
Event: 3.318 Thread 0x0000000016c54800 nmethod 1648 0x0000000004d5e110 code [0x0000000004d5e260, 0x0000000004d5e4d0]
Event: 3.331 Thread 0x0000000016c51800 1649   !   4       java.net.URL::<init> (543 bytes)

GC Heap History (10 events):
Event: 1.096 GC heap before
{Heap before GC invocations=2 (full 0):
 PSYoungGen      total 17920K, used 17890K [0x00000000ec700000, 0x00000000edb00000, 0x0000000100000000)
  eden space 15360K, 100% used [0x00000000ec700000,0x00000000ed600000,0x00000000ed600000)
  from space 2560K, 98% used [0x00000000ed600000,0x00000000ed878928,0x00000000ed880000)
  to   space 2560K, 0% used [0x00000000ed880000,0x00000000ed880000,0x00000000edb00000)
 ParOldGen       total 40960K, used 1260K [0x00000000c5400000, 0x00000000c7c00000, 0x00000000ec700000)
  object space 40960K, 3% used [0x00000000c5400000,0x00000000c553b2e8,0x00000000c7c00000)
 Metaspace       used 8883K, capacity 9652K, committed 9856K, reserved 1058816K
  class space    used 1012K, capacity 1072K, committed 1152K, reserved 1048576K
Event: 1.103 GC heap after
Heap after GC invocations=2 (full 0):
 PSYoungGen      total 17920K, used 2548K [0x00000000ec700000, 0x00000000eea00000, 0x0000000100000000)
  eden space 15360K, 0% used [0x00000000ec700000,0x00000000ec700000,0x00000000ed600000)
  from space 2560K, 99% used [0x00000000ed880000,0x00000000edafd398,0x00000000edb00000)
  to   space 2560K, 0% used [0x00000000ed600000,0x00000000ed600000,0x00000000ed880000)
 ParOldGen       total 40960K, used 3398K [0x00000000c5400000, 0x00000000c7c00000, 0x00000000ec700000)
  object space 40960K, 8% used [0x00000000c5400000,0x00000000c5751848,0x00000000c7c00000)
 Metaspace       used 8883K, capacity 9652K, committed 9856K, reserved 1058816K
  class space    used 1012K, capacity 1072K, committed 1152K, reserved 1048576K
}
Event: 1.544 GC heap before
{Heap before GC invocations=3 (full 0):
 PSYoungGen      total 17920K, used 17908K [0x00000000ec700000, 0x00000000eea00000, 0x0000000100000000)
  eden space 15360K, 100% used [0x00000000ec700000,0x00000000ed600000,0x00000000ed600000)
  from space 2560K, 99% used [0x00000000ed880000,0x00000000edafd398,0x00000000edb00000)
  to   space 2560K, 0% used [0x00000000ed600000,0x00000000ed600000,0x00000000ed880000)
 ParOldGen       total 40960K, used 3398K [0x00000000c5400000, 0x00000000c7c00000, 0x00000000ec700000)
  object space 40960K, 8% used [0x00000000c5400000,0x00000000c5751848,0x00000000c7c00000)
 Metaspace       used 13604K, capacity 13850K, committed 14080K, reserved 1060864K
  class space    used 1608K, capacity 1675K, committed 1792K, reserved 1048576K
Event: 1.553 GC heap after
Heap after GC invocations=3 (full 0):
 PSYoungGen      total 17920K, used 2528K [0x00000000ec700000, 0x00000000eea00000, 0x0000000100000000)
  eden space 15360K, 0% used [0x00000000ec700000,0x00000000ec700000,0x00000000ed600000)
  from space 2560K, 98% used [0x00000000ed600000,0x00000000ed878178,0x00000000ed880000)
  to   space 2560K, 0% used [0x00000000ee780000,0x00000000ee780000,0x00000000eea00000)
 ParOldGen       total 40960K, used 6728K [0x00000000c5400000, 0x00000000c7c00000, 0x00000000ec700000)
  object space 40960K, 16% used [0x00000000c5400000,0x00000000c5a920c8,0x00000000c7c00000)
 Metaspace       used 13604K, capacity 13850K, committed 14080K, reserved 1060864K
  class space    used 1608K, capacity 1675K, committed 1792K, reserved 1048576K
}
Event: 1.885 GC heap before
{Heap before GC invocations=4 (full 0):
 PSYoungGen      total 17920K, used 17888K [0x00000000ec700000, 0x00000000eea00000, 0x0000000100000000)
  eden space 15360K, 100% used [0x00000000ec700000,0x00000000ed600000,0x00000000ed600000)
  from space 2560K, 98% used [0x00000000ed600000,0x00000000ed878178,0x00000000ed880000)
  to   space 2560K, 0% used [0x00000000ee780000,0x00000000ee780000,0x00000000eea00000)
 ParOldGen       total 40960K, used 6728K [0x00000000c5400000, 0x00000000c7c00000, 0x00000000ec700000)
  object space 40960K, 16% used [0x00000000c5400000,0x00000000c5a920c8,0x00000000c7c00000)
 Metaspace       used 16937K, capacity 17232K, committed 17664K, reserved 1064960K
  class space    used 2111K, capacity 2208K, committed 2304K, reserved 1048576K
Event: 1.894 GC heap after
Heap after GC invocations=4 (full 0):
 PSYoungGen      total 33280K, used 2544K [0x00000000ec700000, 0x00000000eea00000, 0x0000000100000000)
  eden space 30720K, 0% used [0x00000000ec700000,0x00000000ec700000,0x00000000ee500000)
  from space 2560K, 99% used [0x00000000ee780000,0x00000000ee9fc030,0x00000000eea00000)
  to   space 2560K, 0% used [0x00000000ee500000,0x00000000ee500000,0x00000000ee780000)
 ParOldGen       total 40960K, used 9970K [0x00000000c5400000, 0x00000000c7c00000, 0x00000000ec700000)
  object space 40960K, 24% used [0x00000000c5400000,0x00000000c5dbcae0,0x00000000c7c00000)
 Metaspace       used 16937K, capacity 17232K, committed 17664K, reserved 1064960K
  class space    used 2111K, capacity 2208K, committed 2304K, reserved 1048576K
}
Event: 2.804 GC heap before
{Heap before GC invocations=5 (full 0):
 PSYoungGen      total 33280K, used 32745K [0x00000000ec700000, 0x00000000eea00000, 0x0000000100000000)
  eden space 30720K, 98% used [0x00000000ec700000,0x00000000ee47e498,0x00000000ee500000)
  from space 2560K, 99% used [0x00000000ee780000,0x00000000ee9fc030,0x00000000eea00000)
  to   space 2560K, 0% used [0x00000000ee500000,0x00000000ee500000,0x00000000ee780000)
 ParOldGen       total 40960K, used 9970K [0x00000000c5400000, 0x00000000c7c00000, 0x00000000ec700000)
  object space 40960K, 24% used [0x00000000c5400000,0x00000000c5dbcae0,0x00000000c7c00000)
 Metaspace       used 20750K, capacity 21108K, committed 21296K, reserved 1067008K
  class space    used 2720K, capacity 2852K, committed 2864K, reserved 1048576K
Event: 2.824 GC heap after
Heap after GC invocations=5 (full 0):
 PSYoungGen      total 33280K, used 2548K [0x00000000ec700000, 0x00000000eea00000, 0x0000000100000000)
  eden space 30720K, 0% used [0x00000000ec700000,0x00000000ec700000,0x00000000ee500000)
  from space 2560K, 99% used [0x00000000ee500000,0x00000000ee77d050,0x00000000ee780000)
  to   space 2560K, 0% used [0x00000000ee780000,0x00000000ee780000,0x00000000eea00000)
 ParOldGen       total 40960K, used 16843K [0x00000000c5400000, 0x00000000c7c00000, 0x00000000ec700000)
  object space 40960K, 41% used [0x00000000c5400000,0x00000000c6472e88,0x00000000c7c00000)
 Metaspace       used 20750K, capacity 21108K, committed 21296K, reserved 1067008K
  class space    used 2720K, capacity 2852K, committed 2864K, reserved 1048576K
}
Event: 2.824 GC heap before
{Heap before GC invocations=6 (full 1):
 PSYoungGen      total 33280K, used 2548K [0x00000000ec700000, 0x00000000eea00000, 0x0000000100000000)
  eden space 30720K, 0% used [0x00000000ec700000,0x00000000ec700000,0x00000000ee500000)
  from space 2560K, 99% used [0x00000000ee500000,0x00000000ee77d050,0x00000000ee780000)
  to   space 2560K, 0% used [0x00000000ee780000,0x00000000ee780000,0x00000000eea00000)
 ParOldGen       total 40960K, used 16843K [0x00000000c5400000, 0x00000000c7c00000, 0x00000000ec700000)
  object space 40960K, 41% used [0x00000000c5400000,0x00000000c6472e88,0x00000000c7c00000)
 Metaspace       used 20750K, capacity 21108K, committed 21296K, reserved 1067008K
  class space    used 2720K, capacity 2852K, committed 2864K, reserved 1048576K
Event: 2.899 GC heap after
Heap after GC invocations=6 (full 1):
 PSYoungGen      total 33280K, used 0K [0x00000000ec700000, 0x00000000eea00000, 0x0000000100000000)
  eden space 30720K, 0% used [0x00000000ec700000,0x00000000ec700000,0x00000000ee500000)
  from space 2560K, 0% used [0x00000000ee500000,0x00000000ee500000,0x00000000ee780000)
  to   space 2560K, 0% used [0x00000000ee780000,0x00000000ee780000,0x00000000eea00000)
 ParOldGen       total 42496K, used 10614K [0x00000000c5400000, 0x00000000c7d80000, 0x00000000ec700000)
  object space 42496K, 24% used [0x00000000c5400000,0x00000000c5e5d880,0x00000000c7d80000)
 Metaspace       used 20750K, capacity 21108K, committed 21296K, reserved 1067008K
  class space    used 2720K, capacity 2852K, committed 2864K, reserved 1048576K
}

Deoptimization events (10 events):
Event: 2.189 Thread 0x0000000004794000 Uncommon trap: reason=unstable_if action=reinterpret pc=0x0000000004a552ac method=java.lang.String.<init>([CII)V @ 18
Event: 2.550 Thread 0x0000000004794000 Uncommon trap: reason=unstable_if action=reinterpret pc=0x0000000004cbdf0c method=org.jetbrains.kotlin.com.intellij.openapi.vfs.impl.ZipEntryMap.isTheOne(Lorg/jetbrains/kotlin/com/intellij/openapi/vfs/impl/ArchiveHandler$EntryInfo;Ljava/lang/CharSequence;
Event: 2.550 Thread 0x0000000004794000 Uncommon trap: reason=unstable_if action=reinterpret pc=0x0000000004cbc604 method=org.jetbrains.kotlin.com.intellij.openapi.vfs.impl.ZipEntryMap.isTheOne(Lorg/jetbrains/kotlin/com/intellij/openapi/vfs/impl/ArchiveHandler$EntryInfo;Ljava/lang/CharSequence;
Event: 2.901 Thread 0x0000000016c37800 Uncommon trap: reason=unstable_if action=reinterpret pc=0x0000000004c0fbc0 method=java.util.WeakHashMap.expungeStaleEntries()V @ 9
Event: 3.209 Thread 0x0000000004794000 Uncommon trap: reason=class_check action=maybe_recompile pc=0x0000000004d1468c method=org.jetbrains.kotlin.protobuf.CodedInputStream.tryRefillBuffer(I)Z @ 177
Event: 3.216 Thread 0x0000000004794000 Uncommon trap: reason=class_check action=maybe_recompile pc=0x0000000004d1468c method=org.jetbrains.kotlin.protobuf.CodedInputStream.tryRefillBuffer(I)Z @ 177
Event: 3.222 Thread 0x0000000004794000 Uncommon trap: reason=unstable_if action=reinterpret pc=0x0000000004a56630 method=java.lang.String.startsWith(Ljava/lang/String;I)Z @ 25
Event: 3.222 Thread 0x0000000004794000 Uncommon trap: reason=unstable_if action=reinterpret pc=0x00000000049ecef8 method=java.lang.String.startsWith(Ljava/lang/String;I)Z @ 25
Event: 3.223 Thread 0x0000000004794000 Uncommon trap: reason=class_check action=maybe_recompile pc=0x0000000004d1468c method=org.jetbrains.kotlin.protobuf.CodedInputStream.tryRefillBuffer(I)Z @ 177
Event: 3.223 Thread 0x0000000004794000 Uncommon trap: reason=class_check action=maybe_recompile pc=0x0000000004d1468c method=org.jetbrains.kotlin.protobuf.CodedInputStream.tryRefillBuffer(I)Z @ 177

Classes redefined (0 events):
No events

Internal exceptions (10 events):
Event: 0.615 Thread 0x0000000004794000 Exception <a 'java/security/PrivilegedActionException'> (0x00000000ed099ca8) thrown at [D:\src\AOSP-openjdk-cygwin\jdk8u\hotspot\src\share\vm\prims\jvm.cpp, line 1390]
Event: 0.615 Thread 0x0000000004794000 Exception <a 'java/security/PrivilegedActionException'> (0x00000000ed09a0a0) thrown at [D:\src\AOSP-openjdk-cygwin\jdk8u\hotspot\src\share\vm\prims\jvm.cpp, line 1390]
Event: 0.990 Thread 0x0000000004794000 Exception <a 'java/lang/ArrayIndexOutOfBoundsException'> (0x00000000ed195870) thrown at [D:\src\AOSP-openjdk-cygwin\jdk8u\hotspot\src\share\vm\runtime\sharedRuntime.cpp, line 605]
Event: 1.339 Thread 0x0000000004794000 Exception <a 'java/lang/NoSuchFieldError': method resolution failed> (0x00000000ecf97e00) thrown at [D:\src\AOSP-openjdk-cygwin\jdk8u\hotspot\src\share\vm\prims\methodHandles.cpp, line 1167]
Event: 1.342 Thread 0x0000000004794000 Exception <a 'java/lang/NoSuchFieldError': method resolution failed> (0x00000000ecfa5308) thrown at [D:\src\AOSP-openjdk-cygwin\jdk8u\hotspot\src\share\vm\prims\methodHandles.cpp, line 1167]
Event: 1.596 Thread 0x0000000004794000 Implicit null exception at 0x0000000004b491ef to 0x0000000004b49259
Event: 1.675 Thread 0x0000000004794000 Exception <a 'java/lang/NoSuchMethodError': java.lang.Object.lambda$comparing$77a9974f$1(Ljava/util/function/Function;Ljava/lang/Object;Ljava/lang/Object;)I> (0x00000000ecce83b0) thrown at [D:\src\AOSP-openjdk-cygwin\jdk8u\hotspot\src\share\vm\interpreter
Event: 1.800 Thread 0x0000000004794000 Exception <a 'java/lang/ArrayIndexOutOfBoundsException': 60> (0x00000000ed273fb8) thrown at [D:\src\AOSP-openjdk-cygwin\jdk8u\hotspot\src\share\vm\interpreter\interpreterRuntime.cpp, line 366]
Event: 1.987 Thread 0x0000000004794000 Exception <a 'java/lang/NoSuchMethodError': java.lang.Object.lambda$static$0(I)[Lorg/jetbrains/kotlin/com/intellij/openapi/editor/event/DocumentListener;> (0x00000000ecb0e630) thrown at [D:\src\AOSP-openjdk-cygwin\jdk8u\hotspot\src\share\vm\interpreter\li
Event: 2.031 Thread 0x0000000004794000 Exception <a 'java/lang/NoSuchMethodError': java.lang.Object.lambda$static$0(I)[Lorg/jetbrains/kotlin/com/intellij/psi/PsiAnnotation;> (0x00000000eccdcb80) thrown at [D:\src\AOSP-openjdk-cygwin\jdk8u\hotspot\src\share\vm\interpreter\linkResolver.cpp, line

Events (10 events):
Event: 3.329 loading class org/jetbrains/kotlin/resolve/jvm/checkers/JvmSyntheticApplicabilityChecker
Event: 3.329 loading class org/jetbrains/kotlin/resolve/jvm/checkers/JvmSyntheticApplicabilityChecker done
Event: 3.331 loading class org/jetbrains/kotlin/resolve/jvm/checkers/StrictfpApplicabilityChecker
Event: 3.331 loading class org/jetbrains/kotlin/resolve/jvm/checkers/StrictfpApplicabilityChecker done
Event: 3.335 loading class org/jetbrains/kotlin/resolve/checkers/ExpectedActualDeclarationChecker
Event: 3.335 loading class org/jetbrains/kotlin/resolve/checkers/ExpectedActualDeclarationChecker done
Event: 3.363 loading class org/jetbrains/kotlin/resolve/calls/checkers/CallChecker
Event: 3.363 loading class org/jetbrains/kotlin/resolve/calls/checkers/CallChecker done
Event: 3.369 loading class org/jetbrains/kotlin/resolve/jvm/checkers/JavaAnnotationCallChecker
Event: 3.369 loading class org/jetbrains/kotlin/resolve/jvm/checkers/JavaAnnotationCallChecker done


Dynamic libraries:
0x00007ff7b9960000 - 0x00007ff7b9991000 	C:\Program Files\Android\Android Studio\jre\jre\bin\java.exe
0x00007ffea10e0000 - 0x00007ffea12c0000 	C:\WINDOWS\SYSTEM32\ntdll.dll
0x00007ffe9e790000 - 0x00007ffe9e83e000 	C:\WINDOWS\System32\KERNEL32.DLL
0x00007ffe9e150000 - 0x00007ffe9e3b6000 	C:\WINDOWS\System32\KERNELBASE.dll
0x00007ffea1000000 - 0x00007ffea10a1000 	C:\WINDOWS\System32\ADVAPI32.dll
0x00007ffe9f530000 - 0x00007ffe9f5cd000 	C:\WINDOWS\System32\msvcrt.dll
0x00007ffe9f1d0000 - 0x00007ffe9f22b000 	C:\WINDOWS\System32\sechost.dll
0x00007ffe9f290000 - 0x00007ffe9f3af000 	C:\WINDOWS\System32\RPCRT4.dll
0x00007ffe9f5d0000 - 0x00007ffe9f75f000 	C:\WINDOWS\System32\USER32.dll
0x00007ffe9e080000 - 0x00007ffe9e0a0000 	C:\WINDOWS\System32\win32u.dll
0x00007ffea0dc0000 - 0x00007ffea0de8000 	C:\WINDOWS\System32\GDI32.dll
0x00007ffe9e410000 - 0x00007ffe9e5a3000 	C:\WINDOWS\System32\gdi32full.dll
0x00007ffe9dfe0000 - 0x00007ffe9e07b000 	C:\WINDOWS\System32\msvcp_win.dll
0x00007ffe9dee0000 - 0x00007ffe9dfd6000 	C:\WINDOWS\System32\ucrtbase.dll
0x00007ffe916a0000 - 0x00007ffe91909000 	C:\WINDOWS\WinSxS\amd64_microsoft.windows.common-controls_6595b64144ccf1df_6.0.16299.248_none_15ced204935f55d7\COMCTL32.dll
0x00007ffe9e8d0000 - 0x00007ffe9ebd8000 	C:\WINDOWS\System32\combase.dll
0x00007ffe9dc30000 - 0x00007ffe9dca2000 	C:\WINDOWS\System32\bcryptPrimitives.dll
0x00007ffe9e840000 - 0x00007ffe9e86d000 	C:\WINDOWS\System32\IMM32.DLL
0x0000000056be0000 - 0x0000000056cb2000 	C:\Program Files\Android\Android Studio\jre\jre\bin\msvcr100.dll
0x0000000056cc0000 - 0x00000000574fe000 	C:\Program Files\Android\Android Studio\jre\jre\bin\server\jvm.dll
0x00007ffea0f40000 - 0x00007ffea0f48000 	C:\WINDOWS\System32\PSAPI.DLL
0x00007ffe9bff0000 - 0x00007ffe9bffa000 	C:\WINDOWS\SYSTEM32\VERSION.dll
0x00007ffe9a640000 - 0x00007ffe9a663000 	C:\WINDOWS\SYSTEM32\WINMM.dll
0x00007ffe9b3e0000 - 0x00007ffe9b3e9000 	C:\WINDOWS\SYSTEM32\WSOCK32.dll
0x00007ffe9e5b0000 - 0x00007ffe9e61c000 	C:\WINDOWS\System32\WS2_32.dll
0x00007ffe9a540000 - 0x00007ffe9a56a000 	C:\WINDOWS\SYSTEM32\winmmbase.dll
0x00007ffe9e3c0000 - 0x00007ffe9e40a000 	C:\WINDOWS\System32\cfgmgr32.dll
0x00007ffe9adc0000 - 0x00007ffe9adcf000 	C:\Program Files\Android\Android Studio\jre\jre\bin\verify.dll
0x00007ffe913f0000 - 0x00007ffe91419000 	C:\Program Files\Android\Android Studio\jre\jre\bin\java.dll
0x00007ffe9ad80000 - 0x00007ffe9ad96000 	C:\Program Files\Android\Android Studio\jre\jre\bin\zip.dll
0x00007ffe9f8d0000 - 0x00007ffea0d06000 	C:\WINDOWS\System32\SHELL32.dll
0x00007ffea0d10000 - 0x00007ffea0db6000 	C:\WINDOWS\System32\shcore.dll
0x00007ffe9d4e0000 - 0x00007ffe9dc27000 	C:\WINDOWS\System32\windows.storage.dll
0x00007ffe9f230000 - 0x00007ffe9f281000 	C:\WINDOWS\System32\shlwapi.dll
0x00007ffe9d4c0000 - 0x00007ffe9d4d1000 	C:\WINDOWS\System32\kernel.appcore.dll
0x00007ffe9d450000 - 0x00007ffe9d49c000 	C:\WINDOWS\System32\powrprof.dll
0x00007ffe9d4a0000 - 0x00007ffe9d4bb000 	C:\WINDOWS\System32\profapi.dll
0x00007ffe91220000 - 0x00007ffe9123a000 	C:\Program Files\Android\Android Studio\jre\jre\bin\net.dll
0x00007ffe9cc60000 - 0x00007ffe9ccc6000 	C:\WINDOWS\system32\mswsock.dll
0x00007ffe91200000 - 0x00007ffe91211000 	C:\Program Files\Android\Android Studio\jre\jre\bin\nio.dll

VM Arguments:
java_command: org.jetbrains.kotlin.cli.jvm.K2JVMCompiler -Xadd-compiler-builtins -Xbuild-file=C:\Users\Kent\AppData\Local\Temp\kjps2881564409056028264app_debug.script.xml -classpath C:\Users\Kent\.gradle\caches\modules-2\files-2.1\org.jetbrains.kotlin\kotlin-stdlib-jre7\1.2.21\3beb08c67673033183c8652572680587876e64b5\kotlin-stdlib-jre7-1.2.21.jar;C:\Users\Kent\.gradle\caches\transforms-1\files-1.1\appcompat-v7-26.1.0.aar\ae80160f26bf509f96ec854a18fd92f2\jars\classes.jar;C:\Users\Kent\.gradle\caches\transforms-1\files-1.1\constraint-layout-1.0.2.aar\e057037e2a989d2bc266822a56351e3c\jars\classes.jar;C:\Users\Kent\.gradle\caches\modules-2\files-2.1\com.squareup.picasso\picasso\2.5.2\7446d06ec8d4f7ffcc53f1da37c95f200dcb9387\picasso-2.5.2.jar;C:\Users\Kent\.gradle\caches\modules-2\files-2.1\org.jetbrains.anko\anko\0.10.4\6d2ec8750b434fb56c94bf7f9dc71decbb3231b5\anko-0.10.4.jar;C:\Users\Kent\.gradle\caches\transforms-1\files-1.1\recyclerview-v7-26.1.0.aar\6461f20b321a80e50038e66a1bf65382\jars\classes.jar;C:\Users\Kent\.gradle\caches\modules-2\files-2.1\org.jetbrains.anko\anko-sqlite\0.10.4\410ab42cf2baa28e4b96b0b10309be04d7ea2740\anko-sqlite-0.10.4.jar;C:\Users\Kent\.gradle\caches\modules-2\files-2.1\org.jetbrains.anko\anko-sdk25\0.10.4\2990927f1ce037724b8cd17369ed5435c7a139a3\anko-sdk25-0.10.4.jar;C:\Users\Kent\.gradle\caches\modules-2\files-2.1\org.jetbrains.anko\anko-sdk25-coroutines\0.10.4\5fed3c3e5a9d6ff63b3cd18fc8c60ece6d3cd83d\anko-sdk25-coroutines-0.10.4.jar;C:\Users\Kent\.gradle\caches\modules-2\files-2.1\org.jetbrains.anko\anko-appcompat-v7\0.10.4\a667e7286a1563c55441faa8f31acc9a6f2e8903\anko-appcompat-v7-0.10.4.jar;C:\Users\Kent\.gradle\caches\modules-2\files-2.1\org.jetbrains.anko\anko-support-v4\0.10.4\6ed4b1d6d2343028b727e18e5747b4bec645828\anko-support-v4-0.10.4.jar;C:\Users\Kent\.gradle\caches\modules-2\files-2.1\org.jetbrains.anko\anko-appcompat-v7-coroutines\0.10.4\c184a00a6b06c1f9db488dade44ce5eec78c8638\anko-appcompat-v7-coroutines-0.10.4.jar;C:\User
java_class_path (initial): C:\Users\Kent\.gradle\caches\modules-2\files-2.1\org.jetbrains.kotlin\kotlin-compiler-embeddable\1.2.21\39456b64a42dc359e385697e2e93b5cba52e197f\kotlin-compiler-embeddable-1.2.21.jar;C:\Users\Kent\.gradle\caches\modules-2\files-2.1\org.jetbrains.kotlin\kotlin-stdlib\1.2.21\d64187eb2d9d1521be3421aa8c6774a8625cdde8\kotlin-stdlib-1.2.21.jar;C:\Users\Kent\.gradle\caches\modules-2\files-2.1\org.jetbrains.kotlin\kotlin-script-runtime\1.2.21\40c37b171146be48a989ab74b937b17a96d28d87\kotlin-script-runtime-1.2.21.jar;C:\Users\Kent\.gradle\caches\modules-2\files-2.1\org.jetbrains.kotlin\kotlin-reflect\1.2.21\3159ff5936aa570a90050d385cb717fbb6c1723a\kotlin-reflect-1.2.21.jar;C:\Program Files\Android\Android Studio\jre\lib\tools.jar
Launcher Type: SUN_STANDARD

Environment Variables:
PATH=C:\WINDOWS\system32;C:\WINDOWS;C:\WINDOWS\System32\Wbem;C:\WINDOWS\System32\WindowsPowerShell\v1.0\;C:\Program Files\Git\cmd;C:\Users\Kent\AppData\Local\Microsoft\WindowsApps;
USERNAME=Kent
OS=Windows_NT
PROCESSOR_IDENTIFIER=Intel64 Family 6 Model 37 Stepping 5, GenuineIntel



---------------  S Y S T E M  ---------------

OS: Windows 10.0 , 64 bit Build 16299 (10.0.16299.15)

CPU:total 4 (initial active 4) (2 cores per cpu, 2 threads per core) family 6 model 37 stepping 5, cmov, cx8, fxsr, mmx, sse, sse2, sse3, ssse3, sse4.1, sse4.2, popcnt, ht, tsc, tscinvbit

Memory: 4k page, physical 3848288k(448660k free), swap 5246048k(2852k free)

vm_info: OpenJDK 64-Bit Server VM (25.152-b01) for windows-amd64 JRE (1.8.0_152-release-915-b01), built by "builder" with MS VC++ 10.0 (VS2010)

time: Wed Mar 21 11:44:33 2018
elapsed time: 3 seconds (0d 0h 0m 3s)

